<?xml version="1.0" encoding="UTF-8" ?>
<testsuite tests="9" failures="0" name="com.smartbics.springdata.repositories.PersonRepositoryTest" time="6.64" errors="0" skipped="0">
  <properties>
    <property name="java.runtime.name" value="Java(TM) SE Runtime Environment"/>
    <property name="sun.boot.library.path" value="/usr/java/jdk1.8.0_101/jre/lib/amd64"/>
    <property name="java.vm.version" value="25.101-b13"/>
    <property name="java.vm.vendor" value="Oracle Corporation"/>
    <property name="maven.multiModuleProjectDirectory" value="/home/jarana/workspace_SpringBoot/spring-data-jpa-demo"/>
    <property name="java.vendor.url" value="http://java.oracle.com/"/>
    <property name="path.separator" value=":"/>
    <property name="guice.disable.misplaced.annotation.check" value="true"/>
    <property name="java.vm.name" value="Java HotSpot(TM) 64-Bit Server VM"/>
    <property name="file.encoding.pkg" value="sun.io"/>
    <property name="user.country" value="US"/>
    <property name="sun.java.launcher" value="SUN_STANDARD"/>
    <property name="sun.os.patch.level" value="unknown"/>
    <property name="java.vm.specification.name" value="Java Virtual Machine Specification"/>
    <property name="user.dir" value="/home/jarana/workspace_SpringBoot/spring-data-jpa-demo"/>
    <property name="java.runtime.version" value="1.8.0_101-b13"/>
    <property name="java.awt.graphicsenv" value="sun.awt.X11GraphicsEnvironment"/>
    <property name="java.endorsed.dirs" value="/usr/java/jdk1.8.0_101/jre/lib/endorsed"/>
    <property name="os.arch" value="amd64"/>
    <property name="java.io.tmpdir" value="/tmp"/>
    <property name="line.separator" value="
"/>
    <property name="java.vm.specification.vendor" value="Oracle Corporation"/>
    <property name="os.name" value="Linux"/>
    <property name="classworlds.conf" value="/home/jarana/workspace_SpringBoot/.metadata/.plugins/org.eclipse.m2e.launching/launches/m2conf5143637093847482304.tmp"/>
    <property name="sun.jnu.encoding" value="UTF-8"/>
    <property name="java.library.path" value="/usr/java/packages/lib/amd64:/usr/lib64:/lib64:/lib:/usr/lib"/>
    <property name="java.specification.name" value="Java Platform API Specification"/>
    <property name="java.class.version" value="52.0"/>
    <property name="sun.management.compiler" value="HotSpot 64-Bit Tiered Compilers"/>
    <property name="os.version" value="3.13.0-86-generic"/>
    <property name="user.home" value="/home/jarana"/>
    <property name="user.timezone" value="America/Chicago"/>
    <property name="java.awt.printerjob" value="sun.print.PSPrinterJob"/>
    <property name="file.encoding" value="UTF-8"/>
    <property name="java.specification.version" value="1.8"/>
    <property name="user.name" value="jarana"/>
    <property name="java.class.path" value="/home/jarana/Applications/eclipse/plugins/org.eclipse.m2e.maven.runtime_1.7.0.20160603-1931/jars/plexus-classworlds-2.5.2.jar"/>
    <property name="java.vm.specification.version" value="1.8"/>
    <property name="sun.arch.data.model" value="64"/>
    <property name="java.home" value="/usr/java/jdk1.8.0_101/jre"/>
    <property name="sun.java.command" value="org.codehaus.plexus.classworlds.launcher.Launcher -B install"/>
    <property name="java.specification.vendor" value="Oracle Corporation"/>
    <property name="user.language" value="en"/>
    <property name="awt.toolkit" value="sun.awt.X11.XToolkit"/>
    <property name="java.vm.info" value="mixed mode"/>
    <property name="java.version" value="1.8.0_101"/>
    <property name="java.ext.dirs" value="/usr/java/jdk1.8.0_101/jre/lib/ext:/usr/java/packages/lib/ext"/>
    <property name="securerandom.source" value="file:/dev/./urandom"/>
    <property name="sun.boot.class.path" value="/usr/java/jdk1.8.0_101/jre/lib/resources.jar:/usr/java/jdk1.8.0_101/jre/lib/rt.jar:/usr/java/jdk1.8.0_101/jre/lib/sunrsasign.jar:/usr/java/jdk1.8.0_101/jre/lib/jsse.jar:/usr/java/jdk1.8.0_101/jre/lib/jce.jar:/usr/java/jdk1.8.0_101/jre/lib/charsets.jar:/usr/java/jdk1.8.0_101/jre/lib/jfr.jar:/usr/java/jdk1.8.0_101/jre/classes"/>
    <property name="java.vendor" value="Oracle Corporation"/>
    <property name="maven.home" value="/home/jarana/workspace_SpringBoot/spring-data-jpa-demo/EMBEDDED"/>
    <property name="file.separator" value="/"/>
    <property name="java.vendor.url.bug" value="http://bugreport.sun.com/bugreport/"/>
    <property name="sun.cpu.endian" value="little"/>
    <property name="sun.io.unicode.encoding" value="UnicodeLittle"/>
    <property name="sun.cpu.isalist" value=""/>
  </properties>
  <testcase classname="com.smartbics.springdata.repositories.PersonRepositoryTest" name="searchByCreditCardNumber" time="4.721"/>
  <testcase classname="com.smartbics.springdata.repositories.PersonRepositoryTest" name="findByNameContains" time="0.23"/>
  <testcase classname="com.smartbics.springdata.repositories.PersonRepositoryTest" name="delete" time="0.395"/>
  <testcase classname="com.smartbics.springdata.repositories.PersonRepositoryTest" name="findAll" time="0.24"/>
  <testcase classname="com.smartbics.springdata.repositories.PersonRepositoryTest" name="findOne" time="0.154"/>
  <testcase classname="com.smartbics.springdata.repositories.PersonRepositoryTest" name="findAllPagination" time="0.238"/>
  <testcase classname="com.smartbics.springdata.repositories.PersonRepositoryTest" name="createWithCard" time="0.236"/>
  <testcase classname="com.smartbics.springdata.repositories.PersonRepositoryTest" name="save" time="0.226"/>
  <testcase classname="com.smartbics.springdata.repositories.PersonRepositoryTest" name="findByAmount" time="0.2"/>
</testsuite>